This file contains any messages produced by compilers while
running configure, to aid debugging if configure makes a mistake.

It was created by sqlite configure 3.7.5, which was
generated by GNU Autoconf 2.62.  Invocation command line was

  $ ./configure CC=arm-xilinx-linux-gnueabi-gcc --enable-shared CXX=arm-xilinx-linux-gnueabi-g --host=arm-xilinx-linux-gnueabi --build=x86_64-linux-gnu --prefix=//home/mdalchen/work/GEM_AMC/ctp7/apps/sqlite3/final AR=arm-xilinx-linux-gnueabi-ar RANLIB=arm-xilinx-linux-gnueabi-ranlib LD=arm-xilinx-linux-gnueabi-ld NM=arm-xilinx-linux-gnueabi-gcc-nm --disable-ipv6 ac_cv_file__dev_ptmx=no ac_cv_file__dev_ptc=no

## --------- ##
## Platform. ##
## --------- ##

hostname = localhost.localdomain
uname -m = x86_64
uname -r = 2.6.32-573.12.1.el6.x86_64
uname -s = Linux
uname -v = #1 SMP Tue Dec 15 08:24:23 CST 2015

/usr/bin/uname -p = unknown
/bin/uname -X     = unknown

/bin/arch              = x86_64
/usr/bin/arch -k       = unknown
/usr/convex/getsysinfo = unknown
/usr/bin/hostinfo      = unknown
/bin/machine           = unknown
/usr/bin/oslevel       = unknown
/bin/universe          = unknown

PATH: /opt/cactus/bin
PATH: /opt/root/bin
PATH: /opt/WinCC_OA/3.11/bin
PATH: /usr/lib64/qt-3.3/bin
PATH: /usr/local/bin
PATH: /bin
PATH: /usr/bin
PATH: /usr/local/sbin
PATH: /usr/sbin
PATH: /sbin
PATH: /opt/apr/bin
PATH: /opt/apr-util/bin
PATH: /opt/xdaq/bin
PATH: /sbin
PATH: /usr/sbin
PATH: /usr/local/sbin
PATH: /opt/PyChips_1_4_3/scripts
PATH: /home/mdalchen/bin


## ----------- ##
## Core tests. ##
## ----------- ##

configure:2092: checking for a BSD-compatible install
configure:2160: result: /usr/bin/install -c
configure:2171: checking whether build environment is sane
configure:2214: result: yes
configure:2276: checking for gawk
configure:2292: found /bin/gawk
configure:2303: result: gawk
configure:2314: checking whether make sets $(MAKE)
configure:2336: result: yes
configure:2412: checking for arm-xilinx-linux-gnueabi-strip
configure:2442: result: no
configure:2452: checking for strip
configure:2468: found /usr/bin/strip
configure:2479: result: strip
configure:2493: WARNING: In the future, Autoconf will not detect cross-tools
whose name does not start with the host triplet.  If you think this
configuration is useful to you, please write to autoconf@gnu.org.
configure:2533: checking for style of include used by make
configure:2561: result: GNU
configure:2594: checking for arm-xilinx-linux-gnueabi-gcc
configure:2621: result: arm-xilinx-linux-gnueabi-gcc
configure:2899: checking for C compiler version
configure:2907: arm-xilinx-linux-gnueabi-gcc --version >&5
./configure: line 2909: arm-xilinx-linux-gnueabi-gcc: command not found
configure:2911: $? = 127
configure:2918: arm-xilinx-linux-gnueabi-gcc -v >&5
./configure: line 2920: arm-xilinx-linux-gnueabi-gcc: command not found
configure:2922: $? = 127
configure:2929: arm-xilinx-linux-gnueabi-gcc -V >&5
./configure: line 2931: arm-xilinx-linux-gnueabi-gcc: command not found
configure:2933: $? = 127
configure:2956: checking for C compiler default output file name
configure:2978: arm-xilinx-linux-gnueabi-gcc    conftest.c  >&5
./configure: line 2980: arm-xilinx-linux-gnueabi-gcc: command not found
configure:2982: $? = 127
configure:3020: result: 
configure: failed program was:
| /* confdefs.h.  */
| #define PACKAGE_NAME "sqlite"
| #define PACKAGE_TARNAME "sqlite"
| #define PACKAGE_VERSION "3.7.5"
| #define PACKAGE_STRING "sqlite 3.7.5"
| #define PACKAGE_BUGREPORT "http://www.sqlite.org"
| #define PACKAGE "sqlite"
| #define VERSION "3.7.5"
| /* end confdefs.h.  */
| 
| int
| main ()
| {
| 
|   ;
|   return 0;
| }
configure:3027: error: C compiler cannot create executables
See `config.log' for more details.

## ---------------- ##
## Cache variables. ##
## ---------------- ##

ac_cv_env_CCC_set=
ac_cv_env_CCC_value=
ac_cv_env_CC_set=set
ac_cv_env_CC_value=arm-xilinx-linux-gnueabi-gcc
ac_cv_env_CFLAGS_set=
ac_cv_env_CFLAGS_value=
ac_cv_env_CPPFLAGS_set=
ac_cv_env_CPPFLAGS_value=
ac_cv_env_CPP_set=
ac_cv_env_CPP_value=
ac_cv_env_CXXCPP_set=
ac_cv_env_CXXCPP_value=
ac_cv_env_CXXFLAGS_set=
ac_cv_env_CXXFLAGS_value=
ac_cv_env_CXX_set=set
ac_cv_env_CXX_value=arm-xilinx-linux-gnueabi-g
ac_cv_env_F77_set=
ac_cv_env_F77_value=
ac_cv_env_FFLAGS_set=
ac_cv_env_FFLAGS_value=
ac_cv_env_LDFLAGS_set=
ac_cv_env_LDFLAGS_value=
ac_cv_env_LIBS_set=
ac_cv_env_LIBS_value=
ac_cv_env_build_alias_set=set
ac_cv_env_build_alias_value=x86_64-linux-gnu
ac_cv_env_host_alias_set=set
ac_cv_env_host_alias_value=arm-xilinx-linux-gnueabi
ac_cv_env_target_alias_set=
ac_cv_env_target_alias_value=
ac_cv_file__dev_ptc=no
ac_cv_file__dev_ptmx=no
ac_cv_path_install='/usr/bin/install -c'
ac_cv_prog_AWK=gawk
ac_cv_prog_CC=arm-xilinx-linux-gnueabi-gcc
ac_cv_prog_ac_ct_STRIP=strip
ac_cv_prog_make_make_set=yes

## ----------------- ##
## Output variables. ##
## ----------------- ##

ACLOCAL='${SHELL} /home/mdalchen/work/GEM_AMC/ctp7/apps/sqlite3/src/missing --run aclocal-1.9'
AMDEPBACKSLASH='\'
AMDEP_FALSE='#'
AMDEP_TRUE=''
AMTAR='${SHELL} /home/mdalchen/work/GEM_AMC/ctp7/apps/sqlite3/src/missing --run tar'
AR='arm-xilinx-linux-gnueabi-ar'
AUTOCONF='${SHELL} /home/mdalchen/work/GEM_AMC/ctp7/apps/sqlite3/src/missing --run autoconf'
AUTOHEADER='${SHELL} /home/mdalchen/work/GEM_AMC/ctp7/apps/sqlite3/src/missing --run autoheader'
AUTOMAKE='${SHELL} /home/mdalchen/work/GEM_AMC/ctp7/apps/sqlite3/src/missing --run automake-1.9'
AWK='gawk'
BUILD_CFLAGS=''
CC='arm-xilinx-linux-gnueabi-gcc'
CCDEPMODE=''
CFLAGS=''
CPP=''
CPPFLAGS=''
CXX='arm-xilinx-linux-gnueabi-g'
CXXCPP=''
CXXDEPMODE=''
CXXFLAGS=''
CYGPATH_W='echo'
DEFS=''
DEPDIR='.deps'
DYNAMIC_EXTENSION_FLAGS=''
ECHO='echo'
ECHO_C=''
ECHO_N='-n'
ECHO_T=''
EGREP=''
EXEEXT=''
F77=''
FFLAGS=''
GREP=''
INSTALL_DATA='${INSTALL} -m 644'
INSTALL_PROGRAM='${INSTALL}'
INSTALL_SCRIPT='${INSTALL}'
INSTALL_STRIP_PROGRAM='${SHELL} $(install_sh) -c -s'
LDFLAGS=''
LIBOBJS=''
LIBS=''
LIBTOOL=''
LN_S=''
LTLIBOBJS=''
MAKEINFO='${SHELL} /home/mdalchen/work/GEM_AMC/ctp7/apps/sqlite3/src/missing --run makeinfo'
OBJEXT=''
PACKAGE='sqlite'
PACKAGE_BUGREPORT='http://www.sqlite.org'
PACKAGE_NAME='sqlite'
PACKAGE_STRING='sqlite 3.7.5'
PACKAGE_TARNAME='sqlite'
PACKAGE_VERSION='3.7.5'
PATH_SEPARATOR=':'
RANLIB='arm-xilinx-linux-gnueabi-ranlib'
READLINE_LIBS=''
SET_MAKE=''
SHELL='/bin/sh'
STRIP='strip'
THREADSAFE_FLAGS=''
VERSION='3.7.5'
ac_ct_CC=''
ac_ct_CXX=''
ac_ct_F77=''
am__fastdepCC_FALSE=''
am__fastdepCC_TRUE=''
am__fastdepCXX_FALSE=''
am__fastdepCXX_TRUE=''
am__include='include'
am__leading_dot='.'
am__quote=''
am__tar='${AMTAR} chof - "$$tardir"'
am__untar='${AMTAR} xf -'
bindir='${exec_prefix}/bin'
build='x86_64-linux-gnu'
build_alias='x86_64-linux-gnu'
build_cpu=''
build_os=''
build_vendor=''
datadir='${datarootdir}'
datarootdir='${prefix}/share'
docdir='${datarootdir}/doc/${PACKAGE_TARNAME}'
dvidir='${docdir}'
exec_prefix='NONE'
host='arm-xilinx-linux-gnueabi'
host_alias='arm-xilinx-linux-gnueabi'
host_cpu=''
host_os=''
host_vendor=''
htmldir='${docdir}'
includedir='${prefix}/include'
infodir='${datarootdir}/info'
install_sh='/home/mdalchen/work/GEM_AMC/ctp7/apps/sqlite3/src/install-sh'
libdir='${exec_prefix}/lib'
libexecdir='${exec_prefix}/libexec'
localedir='${datarootdir}/locale'
localstatedir='${prefix}/var'
mandir='${datarootdir}/man'
mkdir_p='mkdir -p --'
oldincludedir='/usr/include'
pdfdir='${docdir}'
prefix='//home/mdalchen/work/GEM_AMC/ctp7/apps/sqlite3/final'
program_transform_name='s,x,x,'
psdir='${docdir}'
sbindir='${exec_prefix}/sbin'
sharedstatedir='${prefix}/com'
sysconfdir='${prefix}/etc'
target_alias=''

## ----------- ##
## confdefs.h. ##
## ----------- ##

#define PACKAGE_NAME "sqlite"
#define PACKAGE_TARNAME "sqlite"
#define PACKAGE_VERSION "3.7.5"
#define PACKAGE_STRING "sqlite 3.7.5"
#define PACKAGE_BUGREPORT "http://www.sqlite.org"
#define PACKAGE "sqlite"
#define VERSION "3.7.5"

configure: exit 77
